2026-02-11 14:23:02,323 INFO o.a.j.u.JMeterUtils: Setting Locale to en_EN
2026-02-11 14:23:02,329 INFO o.a.j.JMeter: Loading user properties from: C:\ProgramData\chocolatey\lib\jmeter\tools\apache-jmeter-5.6.3\bin\user.properties
2026-02-11 14:23:02,330 INFO o.a.j.JMeter: Loading system properties from: C:\ProgramData\chocolatey\lib\jmeter\tools\apache-jmeter-5.6.3\bin\system.properties
2026-02-11 14:23:02,333 INFO o.a.j.JMeter: Copyright (c) 1998-2024 The Apache Software Foundation
2026-02-11 14:23:02,333 INFO o.a.j.JMeter: Version 5.6.3
2026-02-11 14:23:02,333 INFO o.a.j.JMeter: java.version=1.8.0_481
2026-02-11 14:23:02,333 INFO o.a.j.JMeter: java.vm.name=Java HotSpot(TM) 64-Bit Server VM
2026-02-11 14:23:02,333 INFO o.a.j.JMeter: os.name=Windows 11
2026-02-11 14:23:02,333 INFO o.a.j.JMeter: os.arch=amd64
2026-02-11 14:23:02,333 INFO o.a.j.JMeter: os.version=10.0
2026-02-11 14:23:02,333 INFO o.a.j.JMeter: file.encoding=Cp1252
2026-02-11 14:23:02,333 INFO o.a.j.JMeter: java.awt.headless=true
2026-02-11 14:23:02,333 INFO o.a.j.JMeter: Max memory     =1073741824
2026-02-11 14:23:02,333 INFO o.a.j.JMeter: Available Processors =20
2026-02-11 14:23:02,336 INFO o.a.j.JMeter: Default Locale=English (EN)
2026-02-11 14:23:02,336 INFO o.a.j.JMeter: JMeter  Locale=English (EN)
2026-02-11 14:23:02,336 INFO o.a.j.JMeter: JMeterHome=C:\ProgramData\chocolatey\lib\jmeter\tools\apache-jmeter-5.6.3
2026-02-11 14:23:02,336 INFO o.a.j.JMeter: user.dir  =C:\pyproj\Study\JMeter_Java_Learning
2026-02-11 14:23:02,336 INFO o.a.j.JMeter: PWD       =C:\pyproj\Study\JMeter_Java_Learning
2026-02-11 14:23:02,342 INFO o.a.j.JMeter: IP: 100.72.201.122 Name: asuspc FullName: asuspc.taild31e87.ts.net.
2026-02-11 14:23:02,352 INFO o.a.j.JMeter: Setting property 'jmeter.reportgenerator.outputdir' to:'C:\pyproj\Study\JMeter_Java_Learning\report'
2026-02-11 14:23:02,353 INFO o.a.j.s.FileServer: Default base='C:\pyproj\Study\JMeter_Java_Learning'
2026-02-11 14:23:02,355 INFO o.a.j.s.FileServer: Set new base='C:\pyproj\Study\JMeter_Java_Learning'
2026-02-11 14:23:02,422 INFO o.a.j.s.SaveService: Testplan (JMX) version: 2.2. Testlog (JTL) version: 2.2
2026-02-11 14:23:02,434 INFO o.a.j.s.SaveService: Using SaveService properties file encoding UTF-8
2026-02-11 14:23:02,436 INFO o.a.j.s.SaveService: Using SaveService properties version 5.0
2026-02-11 14:23:02,440 INFO o.a.j.s.SaveService: Loading file: TestPlan_Basic.jmx
2026-02-11 14:23:02,476 INFO o.a.j.p.h.s.HTTPSamplerBase: Parser for text/html is org.apache.jmeter.protocol.http.parser.LagartoBasedHtmlParser
2026-02-11 14:23:02,476 INFO o.a.j.p.h.s.HTTPSamplerBase: Parser for application/xhtml+xml is org.apache.jmeter.protocol.http.parser.LagartoBasedHtmlParser
2026-02-11 14:23:02,476 INFO o.a.j.p.h.s.HTTPSamplerBase: Parser for application/xml is org.apache.jmeter.protocol.http.parser.LagartoBasedHtmlParser
2026-02-11 14:23:02,476 INFO o.a.j.p.h.s.HTTPSamplerBase: Parser for text/xml is org.apache.jmeter.protocol.http.parser.LagartoBasedHtmlParser
2026-02-11 14:23:02,476 INFO o.a.j.p.h.s.HTTPSamplerBase: Parser for text/vnd.wap.wml is org.apache.jmeter.protocol.http.parser.RegexpHTMLParser
2026-02-11 14:23:02,476 INFO o.a.j.p.h.s.HTTPSamplerBase: Parser for text/css is org.apache.jmeter.protocol.http.parser.CssParser
2026-02-11 14:23:02,626 INFO o.a.j.JMeter: Creating summariser <summary>
2026-02-11 14:23:02,630 INFO o.a.j.r.d.ReportGenerator: ReportGenerator will use for Parsing the separator: ','
2026-02-11 14:23:02,630 INFO o.a.j.r.d.ReportGenerator: Will generate report at end of test from  results file: results.jtl
2026-02-11 14:23:02,630 INFO o.a.j.r.d.ReportGenerator: Reading report generator properties from: C:\ProgramData\chocolatey\lib\jmeter\tools\apache-jmeter-5.6.3\bin\reportgenerator.properties
2026-02-11 14:23:02,630 INFO o.a.j.r.d.ReportGenerator: Merging with JMeter properties
2026-02-11 14:23:02,633 INFO o.a.j.r.c.ReportGeneratorConfiguration: Property 'jmeter.reportgenerator.temp_dir' not found, using default value 'temp' instead.
2026-02-11 14:23:02,634 INFO o.a.j.r.c.ReportGeneratorConfiguration: Property 'jmeter.reportgenerator.apdex_per_transaction' not found, using default value 'null' instead.
2026-02-11 14:23:02,634 INFO o.a.j.r.c.ReportGeneratorConfiguration: apdex_per_transaction is empty, not APDEX per transaction customization
2026-02-11 14:23:02,634 INFO o.a.j.r.c.ReportGeneratorConfiguration: Property 'jmeter.reportgenerator.sample_filter' not found, using default value 'null' instead.
2026-02-11 14:23:02,634 INFO o.a.j.r.c.ReportGeneratorConfiguration: Property 'jmeter.reportgenerator.report_title' not found, using default value 'null' instead.
2026-02-11 14:23:02,634 INFO o.a.j.r.c.ReportGeneratorConfiguration: Property 'jmeter.reportgenerator.start_date' not found, using default value 'null' instead.
2026-02-11 14:23:02,634 INFO o.a.j.r.c.ReportGeneratorConfiguration: Property 'jmeter.reportgenerator.end_date' not found, using default value 'null' instead.
2026-02-11 14:23:02,634 INFO o.a.j.r.c.ReportGeneratorConfiguration: Property 'jmeter.reportgenerator.date_format' not found, using default value 'null' instead.
2026-02-11 14:23:02,636 INFO o.a.j.r.c.ReportGeneratorConfiguration: Will use date range start date: null, end date: null
2026-02-11 14:23:02,639 INFO o.a.j.r.c.ReportGeneratorConfiguration: Property 'jmeter.reportgenerator.graph.totalTPS.exclude_controllers' not found, using default value 'false' instead.
2026-02-11 14:23:02,639 INFO o.a.j.r.c.ReportGeneratorConfiguration: Property 'jmeter.reportgenerator.graph.activeThreadsOverTime.exclude_controllers' not found, using default value 'false' instead.
2026-02-11 14:23:02,639 INFO o.a.j.r.c.ReportGeneratorConfiguration: Property 'jmeter.reportgenerator.graph.timeVsThreads.exclude_controllers' not found, using default value 'false' instead.
2026-02-11 14:23:02,639 INFO o.a.j.r.c.ReportGeneratorConfiguration: Property 'jmeter.reportgenerator.graph.responseTimeDistribution.exclude_controllers' not found, using default value 'false' instead.
2026-02-11 14:23:02,639 INFO o.a.j.r.c.ReportGeneratorConfiguration: Property 'jmeter.reportgenerator.graph.transactionsPerSecond.exclude_controllers' not found, using default value 'false' instead.
2026-02-11 14:23:02,639 INFO o.a.j.r.c.ReportGeneratorConfiguration: Property 'jmeter.reportgenerator.graph.responseTimePercentiles.exclude_controllers' not found, using default value 'false' instead.
2026-02-11 14:23:02,639 INFO o.a.j.r.c.ReportGeneratorConfiguration: Property 'jmeter.reportgenerator.graph.responseTimePercentilesOverTime.exclude_controllers' not found, using default value 'false' instead.
2026-02-11 14:23:02,639 INFO o.a.j.r.c.ReportGeneratorConfiguration: Property 'jmeter.reportgenerator.graph.responseTimesOverTime.exclude_controllers' not found, using default value 'false' instead.
2026-02-11 14:23:02,639 INFO o.a.j.r.c.ReportGeneratorConfiguration: Property 'jmeter.reportgenerator.graph.connectTimeOverTime.exclude_controllers' not found, using default value 'false' instead.
2026-02-11 14:23:02,639 INFO o.a.j.r.c.ReportGeneratorConfiguration: Property 'jmeter.reportgenerator.graph.latenciesOverTime.exclude_controllers' not found, using default value 'false' instead.
2026-02-11 14:23:02,639 INFO o.a.j.r.c.ReportGeneratorConfiguration: Property 'jmeter.reportgenerator.exporter.json.filters_only_sample_series' not found, using default value 'true' instead.
2026-02-11 14:23:02,639 INFO o.a.j.r.c.ReportGeneratorConfiguration: Property 'jmeter.reportgenerator.exporter.json.series_filter' not found, using default value '' instead.
2026-02-11 14:23:02,639 INFO o.a.j.r.c.ReportGeneratorConfiguration: Property 'jmeter.reportgenerator.exporter.json.show_controllers_only' not found, using default value 'false' instead.
2026-02-11 14:23:02,639 INFO o.a.j.r.c.ReportGeneratorConfiguration: Property 'jmeter.reportgenerator.exporter.html.filters_only_sample_series' not found, using default value 'true' instead.
2026-02-11 14:23:02,639 INFO o.a.j.r.c.ReportGeneratorConfiguration: Property 'jmeter.reportgenerator.exporter.html.series_filter' not found, using default value '' instead.
2026-02-11 14:23:02,640 INFO o.a.j.r.c.ReportGeneratorConfiguration: Property 'jmeter.reportgenerator.exporter.html.show_controllers_only' not found, using default value 'false' instead.
2026-02-11 14:23:02,645 INFO o.a.j.e.StandardJMeterEngine: Running the test!
2026-02-11 14:23:02,645 INFO o.a.j.s.SampleEvent: List of sample_variables: []
2026-02-11 14:23:02,645 INFO o.a.j.s.SampleEvent: List of sample_variables: []
2026-02-11 14:23:02,648 INFO o.a.j.e.u.CompoundVariable: Note: Function class names must contain the string: '.functions.'
2026-02-11 14:23:02,648 INFO o.a.j.e.u.CompoundVariable: Note: Function class names must not contain the string: '.gui.'
2026-02-11 14:23:02,803 INFO o.a.j.JMeter: Running test (1770841382803)
2026-02-11 14:23:02,832 INFO o.a.j.e.StandardJMeterEngine: Starting ThreadGroup: 1 : Simulated Users
2026-02-11 14:23:02,832 INFO o.a.j.e.StandardJMeterEngine: Starting 10 threads for group Simulated Users.
2026-02-11 14:23:02,832 INFO o.a.j.e.StandardJMeterEngine: Thread will continue on error
2026-02-11 14:23:02,832 INFO o.a.j.t.ThreadGroup: Starting thread group... number=1 threads=10 ramp-up=5 delayedStart=false
2026-02-11 14:23:02,836 INFO o.a.j.t.JMeterThread: Thread started: Simulated Users 1-1
2026-02-11 14:23:02,837 INFO o.a.j.t.ThreadGroup: Started thread group number 1
2026-02-11 14:23:02,837 INFO o.a.j.e.StandardJMeterEngine: All thread groups have been started
2026-02-11 14:23:02,848 INFO o.a.j.p.h.s.HTTPHCAbstractImpl: Local host = asuspc
2026-02-11 14:23:02,853 INFO o.a.j.p.h.s.HTTPHC4Impl: HTTP request retry count = 0
2026-02-11 14:23:02,854 INFO o.a.j.s.SampleResult: Note: Sample TimeStamps are START times
2026-02-11 14:23:02,854 INFO o.a.j.s.SampleResult: sampleresult.default.encoding is set to UTF-8
2026-02-11 14:23:02,854 INFO o.a.j.s.SampleResult: sampleresult.useNanoTime=true
2026-02-11 14:23:02,854 INFO o.a.j.s.SampleResult: sampleresult.nanoThreadSleep=5000
2026-02-11 14:23:03,039 INFO o.a.j.r.Summariser: summary +      1 in 00:00:00 =    4.2/s Avg:   147 Min:   147 Max:   147 Err:     0 (0.00%) Active: 1 Started: 1 Finished: 0
2026-02-11 14:23:03,336 INFO o.a.j.t.JMeterThread: Thread started: Simulated Users 1-2
2026-02-11 14:23:03,834 INFO o.a.j.t.JMeterThread: Thread started: Simulated Users 1-3
2026-02-11 14:23:04,334 INFO o.a.j.t.JMeterThread: Thread started: Simulated Users 1-4
2026-02-11 14:23:04,679 INFO o.a.j.t.JMeterThread: Thread is done: Simulated Users 1-1
2026-02-11 14:23:04,679 INFO o.a.j.t.JMeterThread: Thread finished: Simulated Users 1-1
2026-02-11 14:23:04,834 INFO o.a.j.t.JMeterThread: Thread started: Simulated Users 1-5
2026-02-11 14:23:05,017 INFO o.a.j.t.JMeterThread: Thread is done: Simulated Users 1-2
2026-02-11 14:23:05,017 INFO o.a.j.t.JMeterThread: Thread finished: Simulated Users 1-2
2026-02-11 14:23:05,333 INFO o.a.j.t.JMeterThread: Thread started: Simulated Users 1-6
2026-02-11 14:23:05,520 INFO o.a.j.t.JMeterThread: Thread is done: Simulated Users 1-3
2026-02-11 14:23:05,520 INFO o.a.j.t.JMeterThread: Thread finished: Simulated Users 1-3
2026-02-11 14:23:05,833 INFO o.a.j.t.JMeterThread: Thread started: Simulated Users 1-7
2026-02-11 14:23:06,020 INFO o.a.j.t.JMeterThread: Thread is done: Simulated Users 1-4
2026-02-11 14:23:06,020 INFO o.a.j.t.JMeterThread: Thread finished: Simulated Users 1-4
2026-02-11 14:23:06,340 INFO o.a.j.t.JMeterThread: Thread started: Simulated Users 1-8
2026-02-11 14:23:06,521 INFO o.a.j.t.JMeterThread: Thread is done: Simulated Users 1-5
2026-02-11 14:23:06,522 INFO o.a.j.t.JMeterThread: Thread finished: Simulated Users 1-5
2026-02-11 14:23:06,834 INFO o.a.j.t.JMeterThread: Thread started: Simulated Users 1-9
2026-02-11 14:23:07,022 INFO o.a.j.t.JMeterThread: Thread is done: Simulated Users 1-6
2026-02-11 14:23:07,022 INFO o.a.j.t.JMeterThread: Thread finished: Simulated Users 1-6
2026-02-11 14:23:07,333 INFO o.a.j.t.JMeterThread: Thread started: Simulated Users 1-10
2026-02-11 14:23:07,505 INFO o.a.j.t.JMeterThread: Thread is done: Simulated Users 1-7
2026-02-11 14:23:07,505 INFO o.a.j.t.JMeterThread: Thread finished: Simulated Users 1-7
2026-02-11 14:23:08,036 INFO o.a.j.t.JMeterThread: Thread is done: Simulated Users 1-8
2026-02-11 14:23:08,036 INFO o.a.j.t.JMeterThread: Thread finished: Simulated Users 1-8
2026-02-11 14:23:08,553 INFO o.a.j.t.JMeterThread: Thread is done: Simulated Users 1-9
2026-02-11 14:23:08,553 INFO o.a.j.t.JMeterThread: Thread finished: Simulated Users 1-9
2026-02-11 14:23:09,060 INFO o.a.j.t.JMeterThread: Thread is done: Simulated Users 1-10
2026-02-11 14:23:09,060 INFO o.a.j.t.JMeterThread: Thread finished: Simulated Users 1-10
2026-02-11 14:23:09,061 INFO o.a.j.e.StandardJMeterEngine: Notifying test listeners of end of test
2026-02-11 14:23:09,061 INFO o.a.j.r.Summariser: summary +    199 in 00:00:06 =   33.0/s Avg:    84 Min:    53 Max:   118 Err:     0 (0.00%) Active: 0 Started: 10 Finished: 10
2026-02-11 14:23:09,062 INFO o.a.j.r.Summariser: summary =    200 in 00:00:06 =   32.0/s Avg:    84 Min:    53 Max:   147 Err:     0 (0.00%)
2026-02-11 14:23:09,062 INFO o.a.j.JMeter: Generating Dashboard
2026-02-11 14:23:09,062 INFO o.a.j.r.d.ReportGenerator: Flushing result collector before report Generation
2026-02-11 14:23:09,071 INFO o.a.j.r.p.NormalizerSampleConsumer: Using format, 'ms', to parse timeStamp field
2026-02-11 14:23:09,455 INFO o.a.j.r.p.AbstractSampleConsumer: class org.apache.jmeter.report.processor.AggregateConsumer#stopProducing(): beginDate produced 0 samples
2026-02-11 14:23:09,455 INFO o.a.j.r.p.AbstractSampleConsumer: class org.apache.jmeter.report.processor.AggregateConsumer#stopProducing(): endDate produced 0 samples
2026-02-11 14:23:09,457 INFO o.a.j.r.p.AbstractSampleConsumer: class org.apache.jmeter.report.processor.ApdexSummaryConsumer#stopProducing(): apdexSummary produced 0 samples
2026-02-11 14:23:09,457 INFO o.a.j.r.p.AbstractSampleConsumer: class org.apache.jmeter.report.processor.RequestsSummaryConsumer#stopProducing(): requestsSummary produced 0 samples
2026-02-11 14:23:09,460 INFO o.a.j.r.p.AbstractSampleConsumer: class org.apache.jmeter.report.processor.StatisticsSummaryConsumer#stopProducing(): statisticsSummary produced 0 samples
2026-02-11 14:23:09,461 INFO o.a.j.r.p.AbstractSampleConsumer: class org.apache.jmeter.report.processor.Top5ErrorsBySamplerConsumer#stopProducing(): top5ErrorsBySampler produced 0 samples
2026-02-11 14:23:09,461 INFO o.a.j.r.p.AbstractSampleConsumer: class org.apache.jmeter.report.processor.ErrorsSummaryConsumer#stopProducing(): errorsSummary produced 0 samples
2026-02-11 14:23:09,461 INFO o.a.j.r.p.AbstractSampleConsumer: class org.apache.jmeter.report.processor.graph.impl.HitsPerSecondGraphConsumer#stopProducing(): hitsPerSecond produced 0 samples
2026-02-11 14:23:09,471 INFO o.a.j.r.p.AbstractSampleConsumer: class org.apache.jmeter.report.processor.graph.impl.LatencyVSRequestGraphConsumer#stopProducing(): latencyVsRequest produced 0 samples
2026-02-11 14:23:09,471 INFO o.a.j.r.p.AbstractSampleConsumer: class org.apache.jmeter.report.processor.graph.impl.SyntheticResponseTimeDistributionGraphConsumer#stopProducing(): syntheticResponseTimeDistribution produced 0 samples
2026-02-11 14:23:09,471 INFO o.a.j.r.p.AbstractSampleConsumer: class org.apache.jmeter.report.processor.graph.impl.BytesThroughputGraphConsumer#stopProducing(): bytesThroughputOverTime produced 0 samples
2026-02-11 14:23:09,473 INFO o.a.j.r.p.AbstractSampleConsumer: class org.apache.jmeter.report.processor.graph.impl.CodesPerSecondGraphConsumer#stopProducing(): codesPerSecond produced 0 samples
2026-02-11 14:23:09,475 INFO o.a.j.r.p.AbstractSampleConsumer: class org.apache.jmeter.report.processor.graph.impl.ResponseTimeVSRequestGraphConsumer#stopProducing(): responseTimeVsRequest produced 0 samples
2026-02-11 14:23:09,475 INFO o.a.j.r.p.AbstractSampleConsumer: class org.apache.jmeter.report.processor.FilterConsumer#stopProducing(): startIntervalControlerFilter produced 1400 samples
2026-02-11 14:23:09,475 INFO o.a.j.r.p.AbstractSampleConsumer: class org.apache.jmeter.report.processor.graph.impl.TotalTPSGraphConsumer#stopProducing(): totalTPS produced 0 samples
2026-02-11 14:23:09,475 INFO o.a.j.r.p.AbstractSampleConsumer: class org.apache.jmeter.report.processor.graph.impl.ActiveThreadsGraphConsumer#stopProducing(): activeThreadsOverTime produced 0 samples
2026-02-11 14:23:09,476 INFO o.a.j.r.p.AbstractSampleConsumer: class org.apache.jmeter.report.processor.graph.impl.TimeVSThreadGraphConsumer#stopProducing(): timeVsThreads produced 0 samples
2026-02-11 14:23:09,476 INFO o.a.j.r.p.AbstractSampleConsumer: class org.apache.jmeter.report.processor.graph.impl.ResponseTimeDistributionGraphConsumer#stopProducing(): responseTimeDistribution produced 0 samples
2026-02-11 14:23:09,476 INFO o.a.j.r.p.AbstractSampleConsumer: class org.apache.jmeter.report.processor.graph.impl.TransactionsPerSecondGraphConsumer#stopProducing(): transactionsPerSecond produced 0 samples
2026-02-11 14:23:09,476 INFO o.a.j.r.p.AbstractSampleConsumer: class org.apache.jmeter.report.processor.graph.impl.ResponseTimePercentilesGraphConsumer#stopProducing(): responseTimePercentiles produced 0 samples
2026-02-11 14:23:09,476 INFO o.a.j.r.p.AbstractSampleConsumer: class org.apache.jmeter.report.processor.graph.impl.ResponseTimePercentilesOverTimeGraphConsumer#stopProducing(): responseTimePercentilesOverTime produced 0 samples
2026-02-11 14:23:09,476 INFO o.a.j.r.p.AbstractSampleConsumer: class org.apache.jmeter.report.processor.graph.impl.ResponseTimeOverTimeGraphConsumer#stopProducing(): responseTimesOverTime produced 0 samples
2026-02-11 14:23:09,476 INFO o.a.j.r.p.AbstractSampleConsumer: class org.apache.jmeter.report.processor.graph.impl.ConnectTimeOverTimeGraphConsumer#stopProducing(): connectTimeOverTime produced 0 samples
2026-02-11 14:23:09,476 INFO o.a.j.r.p.AbstractSampleConsumer: class org.apache.jmeter.report.processor.graph.impl.LatencyOverTimeGraphConsumer#stopProducing(): latenciesOverTime produced 0 samples
2026-02-11 14:23:09,476 INFO o.a.j.r.p.AbstractSampleConsumer: class org.apache.jmeter.report.processor.FilterConsumer#stopProducing(): nameFilter produced 3000 samples
2026-02-11 14:23:09,476 INFO o.a.j.r.p.AbstractSampleConsumer: class org.apache.jmeter.report.processor.FilterConsumer#stopProducing(): dateRangeFilter produced 600 samples
2026-02-11 14:23:09,476 INFO o.a.j.r.p.AbstractSampleConsumer: class org.apache.jmeter.report.processor.NormalizerSampleConsumer#stopProducing(): normalizer produced 200 samples
2026-02-11 14:23:09,477 INFO o.a.j.r.p.CsvFileSampleSource: produce(): 200 samples produced in 388ms on channel 0
2026-02-11 14:23:09,477 INFO o.a.j.r.d.ReportGenerator: Exporting data using exporter:'json' of className:'org.apache.jmeter.report.dashboard.JsonExporter'
2026-02-11 14:23:09,534 INFO o.a.j.r.d.JsonExporter: Found data for consumer statisticsSummary in context
2026-02-11 14:23:09,534 INFO o.a.j.r.d.JsonExporter: Creating statistics for overall
2026-02-11 14:23:09,535 INFO o.a.j.r.d.JsonExporter: Creating statistics for other transactions
2026-02-11 14:23:09,535 INFO o.a.j.r.d.JsonExporter: Checking output folder
2026-02-11 14:23:09,535 INFO o.a.j.r.d.JsonExporter: Writing statistics JSON to C:\pyproj\Study\JMeter_Java_Learning\report\statistics.json
2026-02-11 14:23:09,562 INFO o.a.j.r.d.ReportGenerator: Exporting data using exporter:'html' of className:'org.apache.jmeter.report.dashboard.HtmlTemplateExporter'
2026-02-11 14:23:09,564 INFO o.a.j.r.d.HtmlTemplateExporter: Will generate dashboard in folder: C:\pyproj\Study\JMeter_Java_Learning\report
2026-02-11 14:23:09,623 INFO o.a.j.r.d.HtmlTemplateExporter: Report will be generated in: C:\pyproj\Study\JMeter_Java_Learning\report, creating folder structure
2026-02-11 14:23:09,625 INFO o.a.j.r.d.TemplateVisitor: Copying folder from 'C:\ProgramData\chocolatey\lib\jmeter\tools\apache-jmeter-5.6.3\bin\report-template' to 'C:\pyproj\Study\JMeter_Java_Learning\report', got message: C:\pyproj\Study\JMeter_Java_Learning\report, found non empty folder with following content [C:\pyproj\Study\JMeter_Java_Learning\report\statistics.json], will be ignored
2026-02-11 14:23:09,788 INFO o.a.j.JMeter: Dashboard generated
