2026-02-11 14:14:47,603 INFO o.a.j.u.JMeterUtils: Setting Locale to en_EN
2026-02-11 14:14:47,610 INFO o.a.j.JMeter: Loading user properties from: C:\ProgramData\chocolatey\lib\jmeter\tools\apache-jmeter-5.6.3\bin\user.properties
2026-02-11 14:14:47,610 INFO o.a.j.JMeter: Loading system properties from: C:\ProgramData\chocolatey\lib\jmeter\tools\apache-jmeter-5.6.3\bin\system.properties
2026-02-11 14:14:47,614 INFO o.a.j.JMeter: Copyright (c) 1998-2024 The Apache Software Foundation
2026-02-11 14:14:47,614 INFO o.a.j.JMeter: Version 5.6.3
2026-02-11 14:14:47,614 INFO o.a.j.JMeter: java.version=1.8.0_481
2026-02-11 14:14:47,614 INFO o.a.j.JMeter: java.vm.name=Java HotSpot(TM) 64-Bit Server VM
2026-02-11 14:14:47,614 INFO o.a.j.JMeter: os.name=Windows 11
2026-02-11 14:14:47,616 INFO o.a.j.JMeter: os.arch=amd64
2026-02-11 14:14:47,616 INFO o.a.j.JMeter: os.version=10.0
2026-02-11 14:14:47,616 INFO o.a.j.JMeter: file.encoding=Cp1252
2026-02-11 14:14:47,616 INFO o.a.j.JMeter: java.awt.headless=true
2026-02-11 14:14:47,616 INFO o.a.j.JMeter: Max memory     =1073741824
2026-02-11 14:14:47,616 INFO o.a.j.JMeter: Available Processors =20
2026-02-11 14:14:47,618 INFO o.a.j.JMeter: Default Locale=English (EN)
2026-02-11 14:14:47,618 INFO o.a.j.JMeter: JMeter  Locale=English (EN)
2026-02-11 14:14:47,618 INFO o.a.j.JMeter: JMeterHome=C:\ProgramData\chocolatey\lib\jmeter\tools\apache-jmeter-5.6.3
2026-02-11 14:14:47,618 INFO o.a.j.JMeter: user.dir  =C:\pyproj\Study\JMeter_Java_Learning\SimpleUserApp
2026-02-11 14:14:47,618 INFO o.a.j.JMeter: PWD       =C:\pyproj\Study\JMeter_Java_Learning\SimpleUserApp
2026-02-11 14:14:47,619 INFO o.a.j.JMeter: IP: 100.72.201.122 Name: asuspc FullName: asuspc.taild31e87.ts.net.
2026-02-11 14:14:47,630 INFO o.a.j.JMeter: Setting property 'jmeter.reportgenerator.outputdir' to:'C:\pyproj\Study\JMeter_Java_Learning\SimpleUserApp\report'
2026-02-11 14:14:47,630 ERROR o.a.j.JMeter: An error occurred: 
org.apache.jmeter.report.config.ConfigurationException: The file C:\pyproj\Study\JMeter_Java_Learning\SimpleUserApp\TestPlan_Basic.jmx doesn't exist or can't be opened
	at org.apache.jmeter.JMeter.runNonGui(JMeter.java:950) ~[ApacheJMeter_core.jar:5.6.3]
	at org.apache.jmeter.JMeter.startNonGui(JMeter.java:940) ~[ApacheJMeter_core.jar:5.6.3]
	at org.apache.jmeter.JMeter.start(JMeter.java:508) [ApacheJMeter_core.jar:5.6.3]
	at sun.reflect.NativeMethodAccessorImpl.invoke0(Native Method) ~[?:1.8.0_481]
	at sun.reflect.NativeMethodAccessorImpl.invoke(Unknown Source) ~[?:1.8.0_481]
	at sun.reflect.DelegatingMethodAccessorImpl.invoke(Unknown Source) ~[?:1.8.0_481]
	at java.lang.reflect.Method.invoke(Unknown Source) ~[?:1.8.0_481]
	at org.apache.jmeter.NewDriver.main(NewDriver.java:259) [ApacheJMeter.jar:5.6.3]
